Reading netlist file: "D:\OneDrive\UoG_challenge_course\E203\impl\gwsynthesis\E203.vg"
Parsing netlist file "D:\OneDrive\UoG_challenge_course\E203\impl\gwsynthesis\E203.vg" completed
Processing netlist completed
Reading constraint file: "D:\OneDrive\UoG_challenge_course\E203\src\E203.cst"
Physical Constraint parsed completed
Running placement......
[10%] Placement Phase 0 completed
[20%] Placement Phase 1 completed
[30%] Placement Phase 2 completed
WARN  (TA1117) : Can't calculate clocks' relationship between: "clk_out_2" and "clk8388k"
[50%] Placement Phase 3 completed
Running routing......
[60%] Routing Phase 0 completed
[70%] Routing Phase 1 completed
[80%] Routing Phase 2 completed
WARN  (PR1014) : Generic routing resource will be used to clock signal 'IO_BUFF_jtag_TCK_o_Z' by the specified constraint. And then it may lead to the excessive delay or skew
WARN  (PR1014) : Generic routing resource will be used to clock signal 'clk_16M_o_d' by the specified constraint. And then it may lead to the excessive delay or skew
[90%] Routing Phase 3 completed
Running timing analysis......
[95%] Timing analysis completed
Placement and routing completed
Bitstream generation in progress......
Bitstream generation completed
Running power analysis......
[100%] Power analysis completed
Generate file "D:\OneDrive\UoG_challenge_course\E203\impl\pnr\E203.power.html" completed
Generate file "D:\OneDrive\UoG_challenge_course\E203\impl\pnr\E203.pin.html" completed
Generate file "D:\OneDrive\UoG_challenge_course\E203\impl\pnr\E203.rpt.html" completed
Generate file "D:\OneDrive\UoG_challenge_course\E203\impl\pnr\E203.rpt.txt" completed
Generate file "D:\OneDrive\UoG_challenge_course\E203\impl\pnr\E203.tr.html" completed
Thu Aug 31 08:53:28 2023

