Reading netlist file: "D:\document\GitHub\E203_tangMega138K\E203_138k\impl\gwsynthesis\E203_138k.vg"
Parsing netlist file "D:\document\GitHub\E203_tangMega138K\E203_138k\impl\gwsynthesis\E203_138k.vg" completed
Processing netlist completed
Reading constraint file: "D:\document\GitHub\E203_tangMega138K\E203_138k\src\E203_138k.cst"
Physical Constraint parsed completed
Running placement......
[10%] Placement Phase 0 completed
[20%] Placement Phase 1 completed
[30%] Placement Phase 2 completed
[50%] Placement Phase 3 completed
Running routing......
[60%] Routing Phase 0 completed
[70%] Routing Phase 1 completed
[80%] Routing Phase 2 completed
WARN  (PR1014) : Generic routing resource will be used to clock signal 'mcu_TCK_d' by the specified constraint. And then it may lead to the excessive delay or skew
WARN  (PR1014) : Generic routing resource will be used to clock signal 'CLK50MHZ_d' by the specified constraint. And then it may lead to the excessive delay or skew
[90%] Routing Phase 3 completed
Running timing analysis......
[95%] Timing analysis completed
Placement and routing completed
Bitstream generation in progress......
Bitstream generation completed
Generate file "D:\document\GitHub\E203_tangMega138K\E203_138k\impl\pnr\E203_138k.pin.html" completed
Generate file "D:\document\GitHub\E203_tangMega138K\E203_138k\impl\pnr\E203_138k.rpt.html" completed
Generate file "D:\document\GitHub\E203_tangMega138K\E203_138k\impl\pnr\E203_138k.rpt.txt" completed
Generate file "D:\document\GitHub\E203_tangMega138K\E203_138k\impl\pnr\E203_138k.tr.html" completed
Sun Nov 12 01:02:50 2023

