Copyright 1986-2022 Xilinx, Inc. All Rights Reserved.
------------------------------------------------------------------------------------------------------------
| Tool Version : Vivado v.2022.1 (win64) Build 3526262 Mon Apr 18 15:48:16 MDT 2022
| Date         : Thu Nov  9 23:26:37 2023
| Host         : Chuqi-MSI running 64-bit major release  (build 9200)
| Command      : report_drc -file system_drc_routed.rpt -pb system_drc_routed.pb -rpx system_drc_routed.rpx
| Design       : system
| Device       : xc7z020clg484-1
| Speed File   : -1
| Design State : Fully Routed
------------------------------------------------------------------------------------------------------------

Report DRC

Table of Contents
-----------------
1. REPORT SUMMARY
2. REPORT DETAILS

1. REPORT SUMMARY
-----------------
            Netlist: netlist
          Floorplan: checkpoint_system
      Design limits: <entire design considered>
           Ruledeck: default
             Max violations: <unlimited>
             Violations found: 46
+-------------+------------------+-------------------------------------------------------------+------------+
| Rule        | Severity         | Description                                                 | Violations |
+-------------+------------------+-------------------------------------------------------------+------------+
| NSTD-1      | Critical Warning | Unspecified I/O Standard                                    | 1          |
| UCIO-1      | Critical Warning | Unconstrained Logical Port                                  | 1          |
| CHECK-3     | Warning          | Report rule limit reached                                   | 1          |
| PDRC-153    | Warning          | Gated clock check                                           | 13         |
| PLHOLDVIO-2 | Warning          | Non-Optimal connections which could lead to hold violations | 5          |
| REQP-1839   | Warning          | RAMB36 async control check                                  | 20         |
| RPBF-3      | Warning          | IO port buffering is incomplete                             | 4          |
| ZPS7-1      | Warning          | PS7 block required                                          | 1          |
+-------------+------------------+-------------------------------------------------------------+------------+

2. REPORT DETAILS
-----------------
NSTD-1#1 Critical Warning
Unspecified I/O Standard  
73 out of 73 logical ports use I/O standard (IOSTANDARD) value 'DEFAULT', instead of a user assigned specific value. This may cause I/O contention or incompatibility with the board power or connectivity affecting performance, signal integrity or in extreme cases cause damage to the device or the components to which it is connected. To correct this violation, specify all I/O standards. This design will fail to generate a bitstream unless all logical ports have a user specified I/O standard value defined. To allow bitstream creation with unspecified I/O standard values (not recommended), use this command: set_property SEVERITY {Warning} [get_drc_checks NSTD-1].  NOTE: When using the Vivado Runs infrastructure (e.g. launch_runs Tcl command), add this command to a .tcl file and add that file as a pre-hook for write_bitstream step for the implementation run. Problem ports: CLK32768KHZ, clk_16M, gpioA[31:0], gpioB[31:0], mcu_TCK, mcu_TDI, mcu_TDO,
mcu_TMS, mcu_rst_n, pmu_paden, pmu_padrst.
Related violations: <none>

UCIO-1#1 Critical Warning
Unconstrained Logical Port  
73 out of 73 logical ports have no user assigned specific location constraint (LOC). This may cause I/O contention or incompatibility with the board power or connectivity affecting performance, signal integrity or in extreme cases cause damage to the device or the components to which it is connected. To correct this violation, specify all pin locations. This design will fail to generate a bitstream unless all logical ports have a user specified site LOC constraint defined.  To allow bitstream creation with unspecified pin locations (not recommended), use this command: set_property SEVERITY {Warning} [get_drc_checks UCIO-1].  NOTE: When using the Vivado Runs infrastructure (e.g. launch_runs Tcl command), add this command to a .tcl file and add that file as a pre-hook for write_bitstream step for the implementation run.  Problem ports: CLK32768KHZ, clk_16M, gpioA[31:0], gpioB[31:0], mcu_TCK, mcu_TDI, mcu_TDO,
mcu_TMS, mcu_rst_n, pmu_paden, pmu_padrst.
Related violations: <none>

CHECK-3#1 Warning
Report rule limit reached  
REQP-1839 rule limit reached: 20 violations have been found.
Related violations: <none>

PDRC-153#1 Warning
Gated clock check  
Net dut/u_e203_subsys_top/u_e203_subsys_main/u_e203_subsys_hclkgen/u_e203_subsys_gfcm/u_clk0_clkgate/clk0_sync_r_reg[1] is a gated clock net sourced by a combinational pin dut/u_e203_subsys_top/u_e203_subsys_main/u_e203_subsys_hclkgen/u_e203_subsys_gfcm/u_clk0_clkgate/mem[1].non_last.mem_r_reg_0_0_i_1/O, cell dut/u_e203_subsys_top/u_e203_subsys_main/u_e203_subsys_hclkgen/u_e203_subsys_gfcm/u_clk0_clkgate/mem[1].non_last.mem_r_reg_0_0_i_1. This is not good design practice and will likely impact performance. For SLICE registers, for example, use the CE pin to control the loading of data.
Related violations: <none>

PDRC-153#2 Warning
Gated clock check  
Net dut/u_e203_subsys_top/u_e203_subsys_main/u_e203_subsys_hclkgen/u_e203_subsys_gfcm/u_clk0_clkgate/clk0_sync_r_reg[1]_0 is a gated clock net sourced by a combinational pin dut/u_e203_subsys_top/u_e203_subsys_main/u_e203_subsys_hclkgen/u_e203_subsys_gfcm/u_clk0_clkgate/enb_reg_i_2__4/O, cell dut/u_e203_subsys_top/u_e203_subsys_main/u_e203_subsys_hclkgen/u_e203_subsys_gfcm/u_clk0_clkgate/enb_reg_i_2__4. This is not good design practice and will likely impact performance. For SLICE registers, for example, use the CE pin to control the loading of data.
Related violations: <none>

PDRC-153#3 Warning
Gated clock check  
Net dut/u_e203_subsys_top/u_e203_subsys_main/u_e203_subsys_hclkgen/u_e203_subsys_gfcm/u_clk0_clkgate/clk0_sync_r_reg[1]_1 is a gated clock net sourced by a combinational pin dut/u_e203_subsys_top/u_e203_subsys_main/u_e203_subsys_hclkgen/u_e203_subsys_gfcm/u_clk0_clkgate/mem[1].non_last.mem_r_reg_0_0_i_1__0/O, cell dut/u_e203_subsys_top/u_e203_subsys_main/u_e203_subsys_hclkgen/u_e203_subsys_gfcm/u_clk0_clkgate/mem[1].non_last.mem_r_reg_0_0_i_1__0. This is not good design practice and will likely impact performance. For SLICE registers, for example, use the CE pin to control the loading of data.
Related violations: <none>

PDRC-153#4 Warning
Gated clock check  
Net dut/u_e203_subsys_top/u_e203_subsys_main/u_e203_subsys_hclkgen/u_e203_subsys_gfcm/u_clk0_clkgate/clk0_sync_r_reg[1]_11 is a gated clock net sourced by a combinational pin dut/u_e203_subsys_top/u_e203_subsys_main/u_e203_subsys_hclkgen/u_e203_subsys_gfcm/u_clk0_clkgate/enb_reg_i_1__9/O, cell dut/u_e203_subsys_top/u_e203_subsys_main/u_e203_subsys_hclkgen/u_e203_subsys_gfcm/u_clk0_clkgate/enb_reg_i_1__9. This is not good design practice and will likely impact performance. For SLICE registers, for example, use the CE pin to control the loading of data.
Related violations: <none>

PDRC-153#5 Warning
Gated clock check  
Net dut/u_e203_subsys_top/u_e203_subsys_main/u_e203_subsys_hclkgen/u_e203_subsys_gfcm/u_clk0_clkgate/clk0_sync_r_reg[1]_2 is a gated clock net sourced by a combinational pin dut/u_e203_subsys_top/u_e203_subsys_main/u_e203_subsys_hclkgen/u_e203_subsys_gfcm/u_clk0_clkgate/enb_reg_i_2__5/O, cell dut/u_e203_subsys_top/u_e203_subsys_main/u_e203_subsys_hclkgen/u_e203_subsys_gfcm/u_clk0_clkgate/enb_reg_i_2__5. This is not good design practice and will likely impact performance. For SLICE registers, for example, use the CE pin to control the loading of data.
Related violations: <none>

PDRC-153#6 Warning
Gated clock check  
Net dut/u_e203_subsys_top/u_e203_subsys_main/u_e203_subsys_hclkgen/u_e203_subsys_gfcm/u_clk0_clkgate/clk_dtcm is a gated clock net sourced by a combinational pin dut/u_e203_subsys_top/u_e203_subsys_main/u_e203_subsys_hclkgen/u_e203_subsys_gfcm/u_clk0_clkgate/qout_r[0]_i_2__100/O, cell dut/u_e203_subsys_top/u_e203_subsys_main/u_e203_subsys_hclkgen/u_e203_subsys_gfcm/u_clk0_clkgate/qout_r[0]_i_2__100. This is not good design practice and will likely impact performance. For SLICE registers, for example, use the CE pin to control the loading of data.
Related violations: <none>

PDRC-153#7 Warning
Gated clock check  
Net dut/u_e203_subsys_top/u_e203_subsys_main/u_e203_subsys_hclkgen/u_e203_subsys_gfcm/u_clk0_clkgate/clk_itcm is a gated clock net sourced by a combinational pin dut/u_e203_subsys_top/u_e203_subsys_main/u_e203_subsys_hclkgen/u_e203_subsys_gfcm/u_clk0_clkgate/qout_r[0]_i_2__101/O, cell dut/u_e203_subsys_top/u_e203_subsys_main/u_e203_subsys_hclkgen/u_e203_subsys_gfcm/u_clk0_clkgate/qout_r[0]_i_2__101. This is not good design practice and will likely impact performance. For SLICE registers, for example, use the CE pin to control the loading of data.
Related violations: <none>

PDRC-153#8 Warning
Gated clock check  
Net dut/u_e203_subsys_top/u_e203_subsys_main/u_e203_subsys_hclkgen/u_e203_subsys_gfcm/u_clk1_clkgate/clk1_sync_r_reg[1] is a gated clock net sourced by a combinational pin dut/u_e203_subsys_top/u_e203_subsys_main/u_e203_subsys_hclkgen/u_e203_subsys_gfcm/u_clk1_clkgate/enb_reg_i_2__1/O, cell dut/u_e203_subsys_top/u_e203_subsys_main/u_e203_subsys_hclkgen/u_e203_subsys_gfcm/u_clk1_clkgate/enb_reg_i_2__1. This is not good design practice and will likely impact performance. For SLICE registers, for example, use the CE pin to control the loading of data.
Related violations: <none>

PDRC-153#9 Warning
Gated clock check  
Net dut/u_e203_subsys_top/u_e203_subsys_main/u_e203_subsys_hclkgen/u_e203_subsys_pllclkdiv/u_pllclkdiv_clkgate/CLK is a gated clock net sourced by a combinational pin dut/u_e203_subsys_top/u_e203_subsys_main/u_e203_subsys_hclkgen/u_e203_subsys_pllclkdiv/u_pllclkdiv_clkgate/clk0_sync_r[2]_i_1/O, cell dut/u_e203_subsys_top/u_e203_subsys_main/u_e203_subsys_hclkgen/u_e203_subsys_pllclkdiv/u_pllclkdiv_clkgate/clk0_sync_r[2]_i_1. This is not good design practice and will likely impact performance. For SLICE registers, for example, use the CE pin to control the loading of data.
Related violations: <none>

PDRC-153#10 Warning
Gated clock check  
Net dut/u_e203_subsys_top/u_e203_subsys_main/u_e203_subsys_hclkgen/u_e203_subsys_pllclkdiv/u_pllclkdiv_clkgate/clk_16M is a gated clock net sourced by a combinational pin dut/u_e203_subsys_top/u_e203_subsys_main/u_e203_subsys_hclkgen/u_e203_subsys_pllclkdiv/u_pllclkdiv_clkgate/enb_reg_i_1/O, cell dut/u_e203_subsys_top/u_e203_subsys_main/u_e203_subsys_hclkgen/u_e203_subsys_pllclkdiv/u_pllclkdiv_clkgate/enb_reg_i_1. This is not good design practice and will likely impact performance. For SLICE registers, for example, use the CE pin to control the loading of data.
Related violations: <none>

PDRC-153#11 Warning
Gated clock check  
Net dut/u_e203_subsys_top/u_e203_subsys_main/u_e203_subsys_perips/u_sirv_ppi_fab/u_sirv_gnrl_icb_buffer/u_sirv_gnrl_cmd_fifo/dp_gt0.dp_gt1.rptr_vec_31_dfflr/E[0] is a gated clock net sourced by a combinational pin dut/u_e203_subsys_top/u_e203_subsys_main/u_e203_subsys_perips/u_sirv_ppi_fab/u_sirv_gnrl_icb_buffer/u_sirv_gnrl_cmd_fifo/dp_gt0.dp_gt1.rptr_vec_31_dfflr/fifo_tx_data_reg[7]_i_2__0/O, cell dut/u_e203_subsys_top/u_e203_subsys_main/u_e203_subsys_perips/u_sirv_ppi_fab/u_sirv_gnrl_icb_buffer/u_sirv_gnrl_cmd_fifo/dp_gt0.dp_gt1.rptr_vec_31_dfflr/fifo_tx_data_reg[7]_i_2__0. This is not good design practice and will likely impact performance. For SLICE registers, for example, use the CE pin to control the loading of data.
Related violations: <none>

PDRC-153#12 Warning
Gated clock check  
Net dut/u_e203_subsys_top/u_e203_subsys_main/u_e203_subsys_perips/u_sirv_ppi_fab/u_sirv_gnrl_icb_buffer/u_sirv_gnrl_cmd_fifo/dp_gt0.dp_gt1.rptr_vec_31_dfflr/regs_q_reg[31]_8[0] is a gated clock net sourced by a combinational pin dut/u_e203_subsys_top/u_e203_subsys_main/u_e203_subsys_perips/u_sirv_ppi_fab/u_sirv_gnrl_icb_buffer/u_sirv_gnrl_cmd_fifo/dp_gt0.dp_gt1.rptr_vec_31_dfflr/fifo_tx_data_reg[7]_i_2/O, cell dut/u_e203_subsys_top/u_e203_subsys_main/u_e203_subsys_perips/u_sirv_ppi_fab/u_sirv_gnrl_icb_buffer/u_sirv_gnrl_cmd_fifo/dp_gt0.dp_gt1.rptr_vec_31_dfflr/fifo_tx_data_reg[7]_i_2. This is not good design practice and will likely impact performance. For SLICE registers, for example, use the CE pin to control the loading of data.
Related violations: <none>

PDRC-153#13 Warning
Gated clock check  
Net dut/u_e203_subsys_top/u_e203_subsys_main/u_e203_subsys_perips/u_sirv_ppi_fab/u_sirv_gnrl_icb_buffer/u_sirv_gnrl_cmd_fifo/dp_gt0.fifo_rf[1].fifo_rf_dffl/regs_q_reg[31]_0[0] is a gated clock net sourced by a combinational pin dut/u_e203_subsys_top/u_e203_subsys_main/u_e203_subsys_perips/u_sirv_ppi_fab/u_sirv_gnrl_icb_buffer/u_sirv_gnrl_cmd_fifo/dp_gt0.fifo_rf[1].fifo_rf_dffl/fifo_tx_data_reg[7]_i_2__1/O, cell dut/u_e203_subsys_top/u_e203_subsys_main/u_e203_subsys_perips/u_sirv_ppi_fab/u_sirv_gnrl_icb_buffer/u_sirv_gnrl_cmd_fifo/dp_gt0.fifo_rf[1].fifo_rf_dffl/fifo_tx_data_reg[7]_i_2__1. This is not good design practice and will likely impact performance. For SLICE registers, for example, use the CE pin to control the loading of data.
Related violations: <none>

PLHOLDVIO-2#1 Warning
Non-Optimal connections which could lead to hold violations  
A LUT dut/u_e203_subsys_top/u_e203_subsys_main/u_e203_subsys_hclkgen/u_e203_subsys_gfcm/u_clk0_clkgate/mem[1].non_last.mem_r_reg_0_0_i_1 is driving clock pin of 30 cells. This could lead to large hold time violations. Involved cells are:
dut/u_e203_subsys_top/u_e203_subsys_main/u_e203_cpu_top/u_e203_srams/u_e203_dtcm_ram/u_e203_dtcm_gnrl_ram/u_sirv_sim_ram/mem[1].non_last.mem_r_reg_0_0,
dut/u_e203_subsys_top/u_e203_subsys_main/u_e203_cpu_top/u_e203_srams/u_e203_dtcm_ram/u_e203_dtcm_gnrl_ram/u_sirv_sim_ram/mem[1].non_last.mem_r_reg_0_1,
dut/u_e203_subsys_top/u_e203_subsys_main/u_e203_cpu_top/u_e203_srams/u_e203_dtcm_ram/u_e203_dtcm_gnrl_ram/u_sirv_sim_ram/mem[1].non_last.mem_r_reg_0_2,
dut/u_e203_subsys_top/u_e203_subsys_main/u_e203_cpu_top/u_e203_srams/u_e203_dtcm_ram/u_e203_dtcm_gnrl_ram/u_sirv_sim_ram/mem[1].non_last.mem_r_reg_0_3,
dut/u_e203_subsys_top/u_e203_subsys_main/u_e203_cpu_top/u_e203_srams/u_e203_dtcm_ram/u_e203_dtcm_gnrl_ram/u_sirv_sim_ram/mem[1].non_last.mem_r_reg_1_0,
dut/u_e203_subsys_top/u_e203_subsys_main/u_e203_cpu_top/u_e203_srams/u_e203_dtcm_ram/u_e203_dtcm_gnrl_ram/u_sirv_sim_ram/mem[1].non_last.mem_r_reg_1_1,
dut/u_e203_subsys_top/u_e203_subsys_main/u_e203_cpu_top/u_e203_srams/u_e203_dtcm_ram/u_e203_dtcm_gnrl_ram/u_sirv_sim_ram/mem[1].non_last.mem_r_reg_1_2,
dut/u_e203_subsys_top/u_e203_subsys_main/u_e203_cpu_top/u_e203_srams/u_e203_dtcm_ram/u_e203_dtcm_gnrl_ram/u_sirv_sim_ram/mem[1].non_last.mem_r_reg_1_3,
dut/u_e203_subsys_top/u_e203_subsys_main/u_e203_cpu_top/u_e203_srams/u_e203_dtcm_ram/u_e203_dtcm_gnrl_ram/u_sirv_sim_ram/mem[1].non_last.mem_r_reg_2_0,
dut/u_e203_subsys_top/u_e203_subsys_main/u_e203_cpu_top/u_e203_srams/u_e203_dtcm_ram/u_e203_dtcm_gnrl_ram/u_sirv_sim_ram/mem[1].non_last.mem_r_reg_2_1,
dut/u_e203_subsys_top/u_e203_subsys_main/u_e203_cpu_top/u_e203_srams/u_e203_dtcm_ram/u_e203_dtcm_gnrl_ram/u_sirv_sim_ram/mem[1].non_last.mem_r_reg_2_2,
dut/u_e203_subsys_top/u_e203_subsys_main/u_e203_cpu_top/u_e203_srams/u_e203_dtcm_ram/u_e203_dtcm_gnrl_ram/u_sirv_sim_ram/mem[1].non_last.mem_r_reg_2_3,
dut/u_e203_subsys_top/u_e203_subsys_main/u_e203_cpu_top/u_e203_srams/u_e203_dtcm_ram/u_e203_dtcm_gnrl_ram/u_sirv_sim_ram/mem[1].non_last.mem_r_reg_3_0,
dut/u_e203_subsys_top/u_e203_subsys_main/u_e203_cpu_top/u_e203_srams/u_e203_dtcm_ram/u_e203_dtcm_gnrl_ram/u_sirv_sim_ram/mem[1].non_last.mem_r_reg_3_1,
dut/u_e203_subsys_top/u_e203_subsys_main/u_e203_cpu_top/u_e203_srams/u_e203_dtcm_ram/u_e203_dtcm_gnrl_ram/u_sirv_sim_ram/mem[1].non_last.mem_r_reg_3_2
 (the first 15 of 30 listed)
Related violations: <none>

PLHOLDVIO-2#2 Warning
Non-Optimal connections which could lead to hold violations  
A LUT dut/u_e203_subsys_top/u_e203_subsys_main/u_e203_subsys_hclkgen/u_e203_subsys_gfcm/u_clk0_clkgate/mem[1].non_last.mem_r_reg_0_0_i_1__0 is driving clock pin of 29 cells. This could lead to large hold time violations. Involved cells are:
dut/u_e203_subsys_top/u_e203_subsys_main/u_e203_cpu_top/u_e203_srams/u_e203_itcm_ram/u_e203_itcm_gnrl_ram/u_sirv_sim_ram/mem[1].non_last.mem_r_reg_0_0,
dut/u_e203_subsys_top/u_e203_subsys_main/u_e203_cpu_top/u_e203_srams/u_e203_itcm_ram/u_e203_itcm_gnrl_ram/u_sirv_sim_ram/mem[1].non_last.mem_r_reg_0_1,
dut/u_e203_subsys_top/u_e203_subsys_main/u_e203_cpu_top/u_e203_srams/u_e203_itcm_ram/u_e203_itcm_gnrl_ram/u_sirv_sim_ram/mem[1].non_last.mem_r_reg_1_0,
dut/u_e203_subsys_top/u_e203_subsys_main/u_e203_cpu_top/u_e203_srams/u_e203_itcm_ram/u_e203_itcm_gnrl_ram/u_sirv_sim_ram/mem[1].non_last.mem_r_reg_1_1,
dut/u_e203_subsys_top/u_e203_subsys_main/u_e203_cpu_top/u_e203_srams/u_e203_itcm_ram/u_e203_itcm_gnrl_ram/u_sirv_sim_ram/mem[1].non_last.mem_r_reg_2_0,
dut/u_e203_subsys_top/u_e203_subsys_main/u_e203_cpu_top/u_e203_srams/u_e203_itcm_ram/u_e203_itcm_gnrl_ram/u_sirv_sim_ram/mem[1].non_last.mem_r_reg_2_1,
dut/u_e203_subsys_top/u_e203_subsys_main/u_e203_cpu_top/u_e203_srams/u_e203_itcm_ram/u_e203_itcm_gnrl_ram/u_sirv_sim_ram/mem[1].non_last.mem_r_reg_3_0,
dut/u_e203_subsys_top/u_e203_subsys_main/u_e203_cpu_top/u_e203_srams/u_e203_itcm_ram/u_e203_itcm_gnrl_ram/u_sirv_sim_ram/mem[1].non_last.mem_r_reg_3_1,
dut/u_e203_subsys_top/u_e203_subsys_main/u_e203_cpu_top/u_e203_srams/u_e203_itcm_ram/u_e203_itcm_gnrl_ram/u_sirv_sim_ram/mem[1].non_last.mem_r_reg_4_0,
dut/u_e203_subsys_top/u_e203_subsys_main/u_e203_cpu_top/u_e203_srams/u_e203_itcm_ram/u_e203_itcm_gnrl_ram/u_sirv_sim_ram/mem[1].non_last.mem_r_reg_4_1,
dut/u_e203_subsys_top/u_e203_subsys_main/u_e203_cpu_top/u_e203_srams/u_e203_itcm_ram/u_e203_itcm_gnrl_ram/u_sirv_sim_ram/mem[1].non_last.mem_r_reg_5_0,
dut/u_e203_subsys_top/u_e203_subsys_main/u_e203_cpu_top/u_e203_srams/u_e203_itcm_ram/u_e203_itcm_gnrl_ram/u_sirv_sim_ram/mem[1].non_last.mem_r_reg_5_1,
dut/u_e203_subsys_top/u_e203_subsys_main/u_e203_cpu_top/u_e203_srams/u_e203_itcm_ram/u_e203_itcm_gnrl_ram/u_sirv_sim_ram/mem[1].non_last.mem_r_reg_6_0,
dut/u_e203_subsys_top/u_e203_subsys_main/u_e203_cpu_top/u_e203_srams/u_e203_itcm_ram/u_e203_itcm_gnrl_ram/u_sirv_sim_ram/mem[1].non_last.mem_r_reg_6_1,
dut/u_e203_subsys_top/u_e203_subsys_main/u_e203_cpu_top/u_e203_srams/u_e203_itcm_ram/u_e203_itcm_gnrl_ram/u_sirv_sim_ram/mem[1].non_last.mem_r_reg_7_0
 (the first 15 of 29 listed)
Related violations: <none>

PLHOLDVIO-2#3 Warning
Non-Optimal connections which could lead to hold violations  
A LUT dut/u_e203_subsys_top/u_e203_subsys_main/u_e203_subsys_hclkgen/u_e203_subsys_gfcm/u_clk0_clkgate/qout_r[0]_i_2__100 is driving clock pin of 55 cells. This could lead to large hold time violations. Involved cells are:
dut/u_e203_subsys_top/u_e203_subsys_main/u_e203_cpu_top/u_e203_cpu/u_e203_dtcm_ctrl/u_dtcm_icb_arbt/arbt_num_gt_1_gen.dp_1.u_sirv_gnrl_rspid_fifo/dp_gt_0.vld_dfflr/qout_r_reg[0],
dut/u_e203_subsys_top/u_e203_subsys_main/u_e203_cpu_top/u_e203_cpu/u_e203_dtcm_ctrl/u_sram_icb_ctrl/u_byp_icb_cmd_buf/u_bypbuf_fifo/dp_gt0.fifo_rf[0].fifo_rf_dffl/qout_r_reg[10],
dut/u_e203_subsys_top/u_e203_subsys_main/u_e203_cpu_top/u_e203_cpu/u_e203_dtcm_ctrl/u_sram_icb_ctrl/u_byp_icb_cmd_buf/u_bypbuf_fifo/dp_gt0.fifo_rf[0].fifo_rf_dffl/qout_r_reg[11],
dut/u_e203_subsys_top/u_e203_subsys_main/u_e203_cpu_top/u_e203_cpu/u_e203_dtcm_ctrl/u_sram_icb_ctrl/u_byp_icb_cmd_buf/u_bypbuf_fifo/dp_gt0.fifo_rf[0].fifo_rf_dffl/qout_r_reg[12],
dut/u_e203_subsys_top/u_e203_subsys_main/u_e203_cpu_top/u_e203_cpu/u_e203_dtcm_ctrl/u_sram_icb_ctrl/u_byp_icb_cmd_buf/u_bypbuf_fifo/dp_gt0.fifo_rf[0].fifo_rf_dffl/qout_r_reg[13],
dut/u_e203_subsys_top/u_e203_subsys_main/u_e203_cpu_top/u_e203_cpu/u_e203_dtcm_ctrl/u_sram_icb_ctrl/u_byp_icb_cmd_buf/u_bypbuf_fifo/dp_gt0.fifo_rf[0].fifo_rf_dffl/qout_r_reg[14],
dut/u_e203_subsys_top/u_e203_subsys_main/u_e203_cpu_top/u_e203_cpu/u_e203_dtcm_ctrl/u_sram_icb_ctrl/u_byp_icb_cmd_buf/u_bypbuf_fifo/dp_gt0.fifo_rf[0].fifo_rf_dffl/qout_r_reg[15],
dut/u_e203_subsys_top/u_e203_subsys_main/u_e203_cpu_top/u_e203_cpu/u_e203_dtcm_ctrl/u_sram_icb_ctrl/u_byp_icb_cmd_buf/u_bypbuf_fifo/dp_gt0.fifo_rf[0].fifo_rf_dffl/qout_r_reg[16],
dut/u_e203_subsys_top/u_e203_subsys_main/u_e203_cpu_top/u_e203_cpu/u_e203_dtcm_ctrl/u_sram_icb_ctrl/u_byp_icb_cmd_buf/u_bypbuf_fifo/dp_gt0.fifo_rf[0].fifo_rf_dffl/qout_r_reg[17],
dut/u_e203_subsys_top/u_e203_subsys_main/u_e203_cpu_top/u_e203_cpu/u_e203_dtcm_ctrl/u_sram_icb_ctrl/u_byp_icb_cmd_buf/u_bypbuf_fifo/dp_gt0.fifo_rf[0].fifo_rf_dffl/qout_r_reg[18],
dut/u_e203_subsys_top/u_e203_subsys_main/u_e203_cpu_top/u_e203_cpu/u_e203_dtcm_ctrl/u_sram_icb_ctrl/u_byp_icb_cmd_buf/u_bypbuf_fifo/dp_gt0.fifo_rf[0].fifo_rf_dffl/qout_r_reg[19],
dut/u_e203_subsys_top/u_e203_subsys_main/u_e203_cpu_top/u_e203_cpu/u_e203_dtcm_ctrl/u_sram_icb_ctrl/u_byp_icb_cmd_buf/u_bypbuf_fifo/dp_gt0.fifo_rf[0].fifo_rf_dffl/qout_r_reg[1],
dut/u_e203_subsys_top/u_e203_subsys_main/u_e203_cpu_top/u_e203_cpu/u_e203_dtcm_ctrl/u_sram_icb_ctrl/u_byp_icb_cmd_buf/u_bypbuf_fifo/dp_gt0.fifo_rf[0].fifo_rf_dffl/qout_r_reg[20],
dut/u_e203_subsys_top/u_e203_subsys_main/u_e203_cpu_top/u_e203_cpu/u_e203_dtcm_ctrl/u_sram_icb_ctrl/u_byp_icb_cmd_buf/u_bypbuf_fifo/dp_gt0.fifo_rf[0].fifo_rf_dffl/qout_r_reg[21],
dut/u_e203_subsys_top/u_e203_subsys_main/u_e203_cpu_top/u_e203_cpu/u_e203_dtcm_ctrl/u_sram_icb_ctrl/u_byp_icb_cmd_buf/u_bypbuf_fifo/dp_gt0.fifo_rf[0].fifo_rf_dffl/qout_r_reg[22]
 (the first 15 of 55 listed)
Related violations: <none>

PLHOLDVIO-2#4 Warning
Non-Optimal connections which could lead to hold violations  
A LUT dut/u_e203_subsys_top/u_e203_subsys_main/u_e203_subsys_hclkgen/u_e203_subsys_gfcm/u_clk0_clkgate/qout_r[0]_i_2__101 is driving clock pin of 63 cells. This could lead to large hold time violations. Involved cells are:
dut/u_e203_subsys_top/u_e203_subsys_main/u_e203_cpu_top/u_e203_cpu/u_e203_itcm_ctrl/ifu_holdup_dffl/qout_r_reg[0],
dut/u_e203_subsys_top/u_e203_subsys_main/u_e203_cpu_top/u_e203_cpu/u_e203_itcm_ctrl/u_itcm_icb_arbt/arbt_num_gt_1_gen.dp_1.u_sirv_gnrl_rspid_fifo/dp_gt_0.vld_dfflr/qout_r_reg[0],
dut/u_e203_subsys_top/u_e203_subsys_main/u_e203_cpu_top/u_e203_cpu/u_e203_itcm_ctrl/u_itcm_icb_lsu2itcm_n2w/fifo_dp_1.u_sirv_gnrl_n2w_fifo/dp_gt_0.dat_dfflr/qout_r_reg[0],
dut/u_e203_subsys_top/u_e203_subsys_main/u_e203_cpu_top/u_e203_cpu/u_e203_itcm_ctrl/u_itcm_icb_lsu2itcm_n2w/fifo_dp_1.u_sirv_gnrl_n2w_fifo/dp_gt_0.vld_dfflr/qout_r_reg[0],
dut/u_e203_subsys_top/u_e203_subsys_main/u_e203_cpu_top/u_e203_cpu/u_e203_itcm_ctrl/u_sram_icb_ctrl/u_byp_icb_cmd_buf/u_bypbuf_fifo/dp_gt0.fifo_rf[0].fifo_rf_dffl/qout_r_reg[10],
dut/u_e203_subsys_top/u_e203_subsys_main/u_e203_cpu_top/u_e203_cpu/u_e203_itcm_ctrl/u_sram_icb_ctrl/u_byp_icb_cmd_buf/u_bypbuf_fifo/dp_gt0.fifo_rf[0].fifo_rf_dffl/qout_r_reg[11],
dut/u_e203_subsys_top/u_e203_subsys_main/u_e203_cpu_top/u_e203_cpu/u_e203_itcm_ctrl/u_sram_icb_ctrl/u_byp_icb_cmd_buf/u_bypbuf_fifo/dp_gt0.fifo_rf[0].fifo_rf_dffl/qout_r_reg[12],
dut/u_e203_subsys_top/u_e203_subsys_main/u_e203_cpu_top/u_e203_cpu/u_e203_itcm_ctrl/u_sram_icb_ctrl/u_byp_icb_cmd_buf/u_bypbuf_fifo/dp_gt0.fifo_rf[0].fifo_rf_dffl/qout_r_reg[13],
dut/u_e203_subsys_top/u_e203_subsys_main/u_e203_cpu_top/u_e203_cpu/u_e203_itcm_ctrl/u_sram_icb_ctrl/u_byp_icb_cmd_buf/u_bypbuf_fifo/dp_gt0.fifo_rf[0].fifo_rf_dffl/qout_r_reg[14],
dut/u_e203_subsys_top/u_e203_subsys_main/u_e203_cpu_top/u_e203_cpu/u_e203_itcm_ctrl/u_sram_icb_ctrl/u_byp_icb_cmd_buf/u_bypbuf_fifo/dp_gt0.fifo_rf[0].fifo_rf_dffl/qout_r_reg[15],
dut/u_e203_subsys_top/u_e203_subsys_main/u_e203_cpu_top/u_e203_cpu/u_e203_itcm_ctrl/u_sram_icb_ctrl/u_byp_icb_cmd_buf/u_bypbuf_fifo/dp_gt0.fifo_rf[0].fifo_rf_dffl/qout_r_reg[16],
dut/u_e203_subsys_top/u_e203_subsys_main/u_e203_cpu_top/u_e203_cpu/u_e203_itcm_ctrl/u_sram_icb_ctrl/u_byp_icb_cmd_buf/u_bypbuf_fifo/dp_gt0.fifo_rf[0].fifo_rf_dffl/qout_r_reg[17],
dut/u_e203_subsys_top/u_e203_subsys_main/u_e203_cpu_top/u_e203_cpu/u_e203_itcm_ctrl/u_sram_icb_ctrl/u_byp_icb_cmd_buf/u_bypbuf_fifo/dp_gt0.fifo_rf[0].fifo_rf_dffl/qout_r_reg[18],
dut/u_e203_subsys_top/u_e203_subsys_main/u_e203_cpu_top/u_e203_cpu/u_e203_itcm_ctrl/u_sram_icb_ctrl/u_byp_icb_cmd_buf/u_bypbuf_fifo/dp_gt0.fifo_rf[0].fifo_rf_dffl/qout_r_reg[19],
dut/u_e203_subsys_top/u_e203_subsys_main/u_e203_cpu_top/u_e203_cpu/u_e203_itcm_ctrl/u_sram_icb_ctrl/u_byp_icb_cmd_buf/u_bypbuf_fifo/dp_gt0.fifo_rf[0].fifo_rf_dffl/qout_r_reg[1]
 (the first 15 of 63 listed)
Related violations: <none>

PLHOLDVIO-2#5 Warning
Non-Optimal connections which could lead to hold violations  
A LUT dut/u_e203_subsys_top/u_e203_subsys_main/u_e203_subsys_hclkgen/u_e203_subsys_pllclkdiv/u_pllclkdiv_clkgate/clk0_sync_r[2]_i_1 is driving clock pin of 3 cells. This could lead to large hold time violations. Involved cells are:
dut/u_e203_subsys_top/u_e203_subsys_main/u_e203_subsys_hclkgen/u_e203_subsys_gfcm/clk0_sync_r_reg[0],
dut/u_e203_subsys_top/u_e203_subsys_main/u_e203_subsys_hclkgen/u_e203_subsys_gfcm/clk0_sync_r_reg[1]
dut/u_e203_subsys_top/u_e203_subsys_main/u_e203_subsys_hclkgen/u_e203_subsys_gfcm/clk0_sync_r_reg[2]
Related violations: <none>

REQP-1839#1 Warning
RAMB36 async control check  
The RAMB36E1 dut/u_e203_subsys_top/u_e203_subsys_main/u_e203_cpu_top/u_e203_srams/u_e203_dtcm_ram/u_e203_dtcm_gnrl_ram/u_sirv_sim_ram/mem[1].non_last.mem_r_reg_0_0 has an input control pin dut/u_e203_subsys_top/u_e203_subsys_main/u_e203_cpu_top/u_e203_srams/u_e203_dtcm_ram/u_e203_dtcm_gnrl_ram/u_sirv_sim_ram/mem[1].non_last.mem_r_reg_0_0/ADDRARDADDR[14] (net: dut/u_e203_subsys_top/u_e203_subsys_main/u_e203_cpu_top/u_e203_srams/u_e203_dtcm_ram/u_e203_dtcm_gnrl_ram/u_sirv_sim_ram/mem[1].non_last.mem_r_reg_3_3_1[13]) which is driven by a register (dut/u_e203_subsys_top/u_e203_subsys_main/u_e203_cpu_top/u_e203_cpu/u_e203_core/u_e203_biu/u_biu_icb_arbt/arbt_num_gt_1_gen.dp_1.u_sirv_gnrl_rspid_fifo/dp_gt_0.vld_dfflr/qout_r_reg[0]) that has an active asychronous set or reset. This may cause corruption of the memory contents and/or read values when the set/reset is asserted and is not analyzed by the default static timing analysis. It is suggested to eliminate the use of a set/reset to registers driving this RAMB pin or else use a synchronous reset in which the assertion of the reset is timed by default.
Related violations: <none>

REQP-1839#2 Warning
RAMB36 async control check  
The RAMB36E1 dut/u_e203_subsys_top/u_e203_subsys_main/u_e203_cpu_top/u_e203_srams/u_e203_dtcm_ram/u_e203_dtcm_gnrl_ram/u_sirv_sim_ram/mem[1].non_last.mem_r_reg_0_0 has an input control pin dut/u_e203_subsys_top/u_e203_subsys_main/u_e203_cpu_top/u_e203_srams/u_e203_dtcm_ram/u_e203_dtcm_gnrl_ram/u_sirv_sim_ram/mem[1].non_last.mem_r_reg_0_0/ADDRARDADDR[14] (net: dut/u_e203_subsys_top/u_e203_subsys_main/u_e203_cpu_top/u_e203_srams/u_e203_dtcm_ram/u_e203_dtcm_gnrl_ram/u_sirv_sim_ram/mem[1].non_last.mem_r_reg_3_3_1[13]) which is driven by a register (dut/u_e203_subsys_top/u_e203_subsys_main/u_e203_cpu_top/u_e203_cpu/u_e203_core/u_e203_exu/u_e203_exu_alu/u_e203_exu_alu_lsuagu/icb_leftover_err_dfflr/qout_r_reg[0]) that has an active asychronous set or reset. This may cause corruption of the memory contents and/or read values when the set/reset is asserted and is not analyzed by the default static timing analysis. It is suggested to eliminate the use of a set/reset to registers driving this RAMB pin or else use a synchronous reset in which the assertion of the reset is timed by default.
Related violations: <none>

REQP-1839#3 Warning
RAMB36 async control check  
The RAMB36E1 dut/u_e203_subsys_top/u_e203_subsys_main/u_e203_cpu_top/u_e203_srams/u_e203_dtcm_ram/u_e203_dtcm_gnrl_ram/u_sirv_sim_ram/mem[1].non_last.mem_r_reg_0_0 has an input control pin dut/u_e203_subsys_top/u_e203_subsys_main/u_e203_cpu_top/u_e203_srams/u_e203_dtcm_ram/u_e203_dtcm_gnrl_ram/u_sirv_sim_ram/mem[1].non_last.mem_r_reg_0_0/ADDRARDADDR[14] (net: dut/u_e203_subsys_top/u_e203_subsys_main/u_e203_cpu_top/u_e203_srams/u_e203_dtcm_ram/u_e203_dtcm_gnrl_ram/u_sirv_sim_ram/mem[1].non_last.mem_r_reg_3_3_1[13]) which is driven by a register (dut/u_e203_subsys_top/u_e203_subsys_main/u_e203_cpu_top/u_e203_cpu/u_e203_core/u_e203_exu/u_e203_exu_alu/u_e203_exu_alu_lsuagu/icb_state_dfflr/qout_r_reg[0]) that has an active asychronous set or reset. This may cause corruption of the memory contents and/or read values when the set/reset is asserted and is not analyzed by the default static timing analysis. It is suggested to eliminate the use of a set/reset to registers driving this RAMB pin or else use a synchronous reset in which the assertion of the reset is timed by default.
Related violations: <none>

REQP-1839#4 Warning
RAMB36 async control check  
The RAMB36E1 dut/u_e203_subsys_top/u_e203_subsys_main/u_e203_cpu_top/u_e203_srams/u_e203_dtcm_ram/u_e203_dtcm_gnrl_ram/u_sirv_sim_ram/mem[1].non_last.mem_r_reg_0_0 has an input control pin dut/u_e203_subsys_top/u_e203_subsys_main/u_e203_cpu_top/u_e203_srams/u_e203_dtcm_ram/u_e203_dtcm_gnrl_ram/u_sirv_sim_ram/mem[1].non_last.mem_r_reg_0_0/ADDRARDADDR[14] (net: dut/u_e203_subsys_top/u_e203_subsys_main/u_e203_cpu_top/u_e203_srams/u_e203_dtcm_ram/u_e203_dtcm_gnrl_ram/u_sirv_sim_ram/mem[1].non_last.mem_r_reg_3_3_1[13]) which is driven by a register (dut/u_e203_subsys_top/u_e203_subsys_main/u_e203_cpu_top/u_e203_cpu/u_e203_core/u_e203_exu/u_e203_exu_alu/u_e203_exu_alu_lsuagu/icb_state_dfflr/qout_r_reg[1]) that has an active asychronous set or reset. This may cause corruption of the memory contents and/or read values when the set/reset is asserted and is not analyzed by the default static timing analysis. It is suggested to eliminate the use of a set/reset to registers driving this RAMB pin or else use a synchronous reset in which the assertion of the reset is timed by default.
Related violations: <none>

REQP-1839#5 Warning
RAMB36 async control check  
The RAMB36E1 dut/u_e203_subsys_top/u_e203_subsys_main/u_e203_cpu_top/u_e203_srams/u_e203_dtcm_ram/u_e203_dtcm_gnrl_ram/u_sirv_sim_ram/mem[1].non_last.mem_r_reg_0_0 has an input control pin dut/u_e203_subsys_top/u_e203_subsys_main/u_e203_cpu_top/u_e203_srams/u_e203_dtcm_ram/u_e203_dtcm_gnrl_ram/u_sirv_sim_ram/mem[1].non_last.mem_r_reg_0_0/ADDRARDADDR[14] (net: dut/u_e203_subsys_top/u_e203_subsys_main/u_e203_cpu_top/u_e203_srams/u_e203_dtcm_ram/u_e203_dtcm_gnrl_ram/u_sirv_sim_ram/mem[1].non_last.mem_r_reg_3_3_1[13]) which is driven by a register (dut/u_e203_subsys_top/u_e203_subsys_main/u_e203_cpu_top/u_e203_cpu/u_e203_core/u_e203_exu/u_e203_exu_alu/u_e203_exu_alu_lsuagu/icb_state_dfflr/qout_r_reg[2]) that has an active asychronous set or reset. This may cause corruption of the memory contents and/or read values when the set/reset is asserted and is not analyzed by the default static timing analysis. It is suggested to eliminate the use of a set/reset to registers driving this RAMB pin or else use a synchronous reset in which the assertion of the reset is timed by default.
Related violations: <none>

REQP-1839#6 Warning
RAMB36 async control check  
The RAMB36E1 dut/u_e203_subsys_top/u_e203_subsys_main/u_e203_cpu_top/u_e203_srams/u_e203_dtcm_ram/u_e203_dtcm_gnrl_ram/u_sirv_sim_ram/mem[1].non_last.mem_r_reg_0_0 has an input control pin dut/u_e203_subsys_top/u_e203_subsys_main/u_e203_cpu_top/u_e203_srams/u_e203_dtcm_ram/u_e203_dtcm_gnrl_ram/u_sirv_sim_ram/mem[1].non_last.mem_r_reg_0_0/ADDRARDADDR[14] (net: dut/u_e203_subsys_top/u_e203_subsys_main/u_e203_cpu_top/u_e203_srams/u_e203_dtcm_ram/u_e203_dtcm_gnrl_ram/u_sirv_sim_ram/mem[1].non_last.mem_r_reg_3_3_1[13]) which is driven by a register (dut/u_e203_subsys_top/u_e203_subsys_main/u_e203_cpu_top/u_e203_cpu/u_e203_core/u_e203_exu/u_e203_exu_alu/u_e203_exu_alu_muldiv/exec_cnt_dfflr/qout_r_reg[0]) that has an active asychronous set or reset. This may cause corruption of the memory contents and/or read values when the set/reset is asserted and is not analyzed by the default static timing analysis. It is suggested to eliminate the use of a set/reset to registers driving this RAMB pin or else use a synchronous reset in which the assertion of the reset is timed by default.
Related violations: <none>

REQP-1839#7 Warning
RAMB36 async control check  
The RAMB36E1 dut/u_e203_subsys_top/u_e203_subsys_main/u_e203_cpu_top/u_e203_srams/u_e203_dtcm_ram/u_e203_dtcm_gnrl_ram/u_sirv_sim_ram/mem[1].non_last.mem_r_reg_0_0 has an input control pin dut/u_e203_subsys_top/u_e203_subsys_main/u_e203_cpu_top/u_e203_srams/u_e203_dtcm_ram/u_e203_dtcm_gnrl_ram/u_sirv_sim_ram/mem[1].non_last.mem_r_reg_0_0/ADDRARDADDR[14] (net: dut/u_e203_subsys_top/u_e203_subsys_main/u_e203_cpu_top/u_e203_srams/u_e203_dtcm_ram/u_e203_dtcm_gnrl_ram/u_sirv_sim_ram/mem[1].non_last.mem_r_reg_3_3_1[13]) which is driven by a register (dut/u_e203_subsys_top/u_e203_subsys_main/u_e203_cpu_top/u_e203_cpu/u_e203_core/u_e203_exu/u_e203_exu_alu/u_e203_exu_alu_muldiv/exec_cnt_dfflr/qout_r_reg[1]) that has an active asychronous set or reset. This may cause corruption of the memory contents and/or read values when the set/reset is asserted and is not analyzed by the default static timing analysis. It is suggested to eliminate the use of a set/reset to registers driving this RAMB pin or else use a synchronous reset in which the assertion of the reset is timed by default.
Related violations: <none>

REQP-1839#8 Warning
RAMB36 async control check  
The RAMB36E1 dut/u_e203_subsys_top/u_e203_subsys_main/u_e203_cpu_top/u_e203_srams/u_e203_dtcm_ram/u_e203_dtcm_gnrl_ram/u_sirv_sim_ram/mem[1].non_last.mem_r_reg_0_0 has an input control pin dut/u_e203_subsys_top/u_e203_subsys_main/u_e203_cpu_top/u_e203_srams/u_e203_dtcm_ram/u_e203_dtcm_gnrl_ram/u_sirv_sim_ram/mem[1].non_last.mem_r_reg_0_0/ADDRARDADDR[14] (net: dut/u_e203_subsys_top/u_e203_subsys_main/u_e203_cpu_top/u_e203_srams/u_e203_dtcm_ram/u_e203_dtcm_gnrl_ram/u_sirv_sim_ram/mem[1].non_last.mem_r_reg_3_3_1[13]) which is driven by a register (dut/u_e203_subsys_top/u_e203_subsys_main/u_e203_cpu_top/u_e203_cpu/u_e203_core/u_e203_exu/u_e203_exu_alu/u_e203_exu_alu_muldiv/exec_cnt_dfflr/qout_r_reg[3]) that has an active asychronous set or reset. This may cause corruption of the memory contents and/or read values when the set/reset is asserted and is not analyzed by the default static timing analysis. It is suggested to eliminate the use of a set/reset to registers driving this RAMB pin or else use a synchronous reset in which the assertion of the reset is timed by default.
Related violations: <none>

REQP-1839#9 Warning
RAMB36 async control check  
The RAMB36E1 dut/u_e203_subsys_top/u_e203_subsys_main/u_e203_cpu_top/u_e203_srams/u_e203_dtcm_ram/u_e203_dtcm_gnrl_ram/u_sirv_sim_ram/mem[1].non_last.mem_r_reg_0_0 has an input control pin dut/u_e203_subsys_top/u_e203_subsys_main/u_e203_cpu_top/u_e203_srams/u_e203_dtcm_ram/u_e203_dtcm_gnrl_ram/u_sirv_sim_ram/mem[1].non_last.mem_r_reg_0_0/ADDRARDADDR[14] (net: dut/u_e203_subsys_top/u_e203_subsys_main/u_e203_cpu_top/u_e203_srams/u_e203_dtcm_ram/u_e203_dtcm_gnrl_ram/u_sirv_sim_ram/mem[1].non_last.mem_r_reg_3_3_1[13]) which is driven by a register (dut/u_e203_subsys_top/u_e203_subsys_main/u_e203_cpu_top/u_e203_cpu/u_e203_core/u_e203_exu/u_e203_exu_alu/u_e203_exu_alu_muldiv/exec_cnt_dfflr/qout_r_reg[4]) that has an active asychronous set or reset. This may cause corruption of the memory contents and/or read values when the set/reset is asserted and is not analyzed by the default static timing analysis. It is suggested to eliminate the use of a set/reset to registers driving this RAMB pin or else use a synchronous reset in which the assertion of the reset is timed by default.
Related violations: <none>

REQP-1839#10 Warning
RAMB36 async control check  
The RAMB36E1 dut/u_e203_subsys_top/u_e203_subsys_main/u_e203_cpu_top/u_e203_srams/u_e203_dtcm_ram/u_e203_dtcm_gnrl_ram/u_sirv_sim_ram/mem[1].non_last.mem_r_reg_0_0 has an input control pin dut/u_e203_subsys_top/u_e203_subsys_main/u_e203_cpu_top/u_e203_srams/u_e203_dtcm_ram/u_e203_dtcm_gnrl_ram/u_sirv_sim_ram/mem[1].non_last.mem_r_reg_0_0/ADDRARDADDR[14] (net: dut/u_e203_subsys_top/u_e203_subsys_main/u_e203_cpu_top/u_e203_srams/u_e203_dtcm_ram/u_e203_dtcm_gnrl_ram/u_sirv_sim_ram/mem[1].non_last.mem_r_reg_3_3_1[13]) which is driven by a register (dut/u_e203_subsys_top/u_e203_subsys_main/u_e203_cpu_top/u_e203_cpu/u_e203_core/u_e203_exu/u_e203_exu_alu/u_e203_exu_alu_muldiv/exec_cnt_dfflr/qout_r_reg[5]) that has an active asychronous set or reset. This may cause corruption of the memory contents and/or read values when the set/reset is asserted and is not analyzed by the default static timing analysis. It is suggested to eliminate the use of a set/reset to registers driving this RAMB pin or else use a synchronous reset in which the assertion of the reset is timed by default.
Related violations: <none>

REQP-1839#11 Warning
RAMB36 async control check  
The RAMB36E1 dut/u_e203_subsys_top/u_e203_subsys_main/u_e203_cpu_top/u_e203_srams/u_e203_dtcm_ram/u_e203_dtcm_gnrl_ram/u_sirv_sim_ram/mem[1].non_last.mem_r_reg_0_0 has an input control pin dut/u_e203_subsys_top/u_e203_subsys_main/u_e203_cpu_top/u_e203_srams/u_e203_dtcm_ram/u_e203_dtcm_gnrl_ram/u_sirv_sim_ram/mem[1].non_last.mem_r_reg_0_0/ADDRARDADDR[14] (net: dut/u_e203_subsys_top/u_e203_subsys_main/u_e203_cpu_top/u_e203_srams/u_e203_dtcm_ram/u_e203_dtcm_gnrl_ram/u_sirv_sim_ram/mem[1].non_last.mem_r_reg_3_3_1[13]) which is driven by a register (dut/u_e203_subsys_top/u_e203_subsys_main/u_e203_cpu_top/u_e203_cpu/u_e203_core/u_e203_exu/u_e203_exu_alu/u_e203_exu_alu_muldiv/muldiv_state_dfflr/qout_r_reg[0]) that has an active asychronous set or reset. This may cause corruption of the memory contents and/or read values when the set/reset is asserted and is not analyzed by the default static timing analysis. It is suggested to eliminate the use of a set/reset to registers driving this RAMB pin or else use a synchronous reset in which the assertion of the reset is timed by default.
Related violations: <none>

REQP-1839#12 Warning
RAMB36 async control check  
The RAMB36E1 dut/u_e203_subsys_top/u_e203_subsys_main/u_e203_cpu_top/u_e203_srams/u_e203_dtcm_ram/u_e203_dtcm_gnrl_ram/u_sirv_sim_ram/mem[1].non_last.mem_r_reg_0_0 has an input control pin dut/u_e203_subsys_top/u_e203_subsys_main/u_e203_cpu_top/u_e203_srams/u_e203_dtcm_ram/u_e203_dtcm_gnrl_ram/u_sirv_sim_ram/mem[1].non_last.mem_r_reg_0_0/ADDRARDADDR[14] (net: dut/u_e203_subsys_top/u_e203_subsys_main/u_e203_cpu_top/u_e203_srams/u_e203_dtcm_ram/u_e203_dtcm_gnrl_ram/u_sirv_sim_ram/mem[1].non_last.mem_r_reg_3_3_1[13]) which is driven by a register (dut/u_e203_subsys_top/u_e203_subsys_main/u_e203_cpu_top/u_e203_cpu/u_e203_core/u_e203_exu/u_e203_exu_alu/u_e203_exu_alu_muldiv/muldiv_state_dfflr/qout_r_reg[1]) that has an active asychronous set or reset. This may cause corruption of the memory contents and/or read values when the set/reset is asserted and is not analyzed by the default static timing analysis. It is suggested to eliminate the use of a set/reset to registers driving this RAMB pin or else use a synchronous reset in which the assertion of the reset is timed by default.
Related violations: <none>

REQP-1839#13 Warning
RAMB36 async control check  
The RAMB36E1 dut/u_e203_subsys_top/u_e203_subsys_main/u_e203_cpu_top/u_e203_srams/u_e203_dtcm_ram/u_e203_dtcm_gnrl_ram/u_sirv_sim_ram/mem[1].non_last.mem_r_reg_0_0 has an input control pin dut/u_e203_subsys_top/u_e203_subsys_main/u_e203_cpu_top/u_e203_srams/u_e203_dtcm_ram/u_e203_dtcm_gnrl_ram/u_sirv_sim_ram/mem[1].non_last.mem_r_reg_0_0/ADDRARDADDR[14] (net: dut/u_e203_subsys_top/u_e203_subsys_main/u_e203_cpu_top/u_e203_srams/u_e203_dtcm_ram/u_e203_dtcm_gnrl_ram/u_sirv_sim_ram/mem[1].non_last.mem_r_reg_3_3_1[13]) which is driven by a register (dut/u_e203_subsys_top/u_e203_subsys_main/u_e203_cpu_top/u_e203_cpu/u_e203_core/u_e203_exu/u_e203_exu_alu/u_e203_exu_alu_muldiv/muldiv_state_dfflr/qout_r_reg[2]) that has an active asychronous set or reset. This may cause corruption of the memory contents and/or read values when the set/reset is asserted and is not analyzed by the default static timing analysis. It is suggested to eliminate the use of a set/reset to registers driving this RAMB pin or else use a synchronous reset in which the assertion of the reset is timed by default.
Related violations: <none>

REQP-1839#14 Warning
RAMB36 async control check  
The RAMB36E1 dut/u_e203_subsys_top/u_e203_subsys_main/u_e203_cpu_top/u_e203_srams/u_e203_dtcm_ram/u_e203_dtcm_gnrl_ram/u_sirv_sim_ram/mem[1].non_last.mem_r_reg_0_0 has an input control pin dut/u_e203_subsys_top/u_e203_subsys_main/u_e203_cpu_top/u_e203_srams/u_e203_dtcm_ram/u_e203_dtcm_gnrl_ram/u_sirv_sim_ram/mem[1].non_last.mem_r_reg_0_0/ADDRARDADDR[14] (net: dut/u_e203_subsys_top/u_e203_subsys_main/u_e203_cpu_top/u_e203_srams/u_e203_dtcm_ram/u_e203_dtcm_gnrl_ram/u_sirv_sim_ram/mem[1].non_last.mem_r_reg_3_3_1[13]) which is driven by a register (dut/u_e203_subsys_top/u_e203_subsys_main/u_e203_cpu_top/u_e203_cpu/u_e203_core/u_e203_exu/u_e203_exu_alu/u_e203_exu_alu_muldiv/part_remd_sft1_dfflr/qout_r_reg[0]) that has an active asychronous set or reset. This may cause corruption of the memory contents and/or read values when the set/reset is asserted and is not analyzed by the default static timing analysis. It is suggested to eliminate the use of a set/reset to registers driving this RAMB pin or else use a synchronous reset in which the assertion of the reset is timed by default.
Related violations: <none>

REQP-1839#15 Warning
RAMB36 async control check  
The RAMB36E1 dut/u_e203_subsys_top/u_e203_subsys_main/u_e203_cpu_top/u_e203_srams/u_e203_dtcm_ram/u_e203_dtcm_gnrl_ram/u_sirv_sim_ram/mem[1].non_last.mem_r_reg_0_0 has an input control pin dut/u_e203_subsys_top/u_e203_subsys_main/u_e203_cpu_top/u_e203_srams/u_e203_dtcm_ram/u_e203_dtcm_gnrl_ram/u_sirv_sim_ram/mem[1].non_last.mem_r_reg_0_0/ADDRARDADDR[14] (net: dut/u_e203_subsys_top/u_e203_subsys_main/u_e203_cpu_top/u_e203_srams/u_e203_dtcm_ram/u_e203_dtcm_gnrl_ram/u_sirv_sim_ram/mem[1].non_last.mem_r_reg_3_3_1[13]) which is driven by a register (dut/u_e203_subsys_top/u_e203_subsys_main/u_e203_cpu_top/u_e203_cpu/u_e203_core/u_e203_exu/u_e203_exu_oitf/depth_gt1.alc_ptr_dfflrs/qout_r_reg[0]) that has an active asychronous set or reset. This may cause corruption of the memory contents and/or read values when the set/reset is asserted and is not analyzed by the default static timing analysis. It is suggested to eliminate the use of a set/reset to registers driving this RAMB pin or else use a synchronous reset in which the assertion of the reset is timed by default.
Related violations: <none>

REQP-1839#16 Warning
RAMB36 async control check  
The RAMB36E1 dut/u_e203_subsys_top/u_e203_subsys_main/u_e203_cpu_top/u_e203_srams/u_e203_dtcm_ram/u_e203_dtcm_gnrl_ram/u_sirv_sim_ram/mem[1].non_last.mem_r_reg_0_0 has an input control pin dut/u_e203_subsys_top/u_e203_subsys_main/u_e203_cpu_top/u_e203_srams/u_e203_dtcm_ram/u_e203_dtcm_gnrl_ram/u_sirv_sim_ram/mem[1].non_last.mem_r_reg_0_0/ADDRARDADDR[14] (net: dut/u_e203_subsys_top/u_e203_subsys_main/u_e203_cpu_top/u_e203_srams/u_e203_dtcm_ram/u_e203_dtcm_gnrl_ram/u_sirv_sim_ram/mem[1].non_last.mem_r_reg_3_3_1[13]) which is driven by a register (dut/u_e203_subsys_top/u_e203_subsys_main/u_e203_cpu_top/u_e203_cpu/u_e203_core/u_e203_exu/u_e203_exu_oitf/depth_gt1.alc_ptr_flg_dfflrs/qout_r_reg[0]) that has an active asychronous set or reset. This may cause corruption of the memory contents and/or read values when the set/reset is asserted and is not analyzed by the default static timing analysis. It is suggested to eliminate the use of a set/reset to registers driving this RAMB pin or else use a synchronous reset in which the assertion of the reset is timed by default.
Related violations: <none>

REQP-1839#17 Warning
RAMB36 async control check  
The RAMB36E1 dut/u_e203_subsys_top/u_e203_subsys_main/u_e203_cpu_top/u_e203_srams/u_e203_dtcm_ram/u_e203_dtcm_gnrl_ram/u_sirv_sim_ram/mem[1].non_last.mem_r_reg_0_0 has an input control pin dut/u_e203_subsys_top/u_e203_subsys_main/u_e203_cpu_top/u_e203_srams/u_e203_dtcm_ram/u_e203_dtcm_gnrl_ram/u_sirv_sim_ram/mem[1].non_last.mem_r_reg_0_0/ADDRARDADDR[14] (net: dut/u_e203_subsys_top/u_e203_subsys_main/u_e203_cpu_top/u_e203_srams/u_e203_dtcm_ram/u_e203_dtcm_gnrl_ram/u_sirv_sim_ram/mem[1].non_last.mem_r_reg_3_3_1[13]) which is driven by a register (dut/u_e203_subsys_top/u_e203_subsys_main/u_e203_cpu_top/u_e203_cpu/u_e203_core/u_e203_exu/u_e203_exu_oitf/depth_gt1.ret_ptr_dfflrs/qout_r_reg[0]) that has an active asychronous set or reset. This may cause corruption of the memory contents and/or read values when the set/reset is asserted and is not analyzed by the default static timing analysis. It is suggested to eliminate the use of a set/reset to registers driving this RAMB pin or else use a synchronous reset in which the assertion of the reset is timed by default.
Related violations: <none>

REQP-1839#18 Warning
RAMB36 async control check  
The RAMB36E1 dut/u_e203_subsys_top/u_e203_subsys_main/u_e203_cpu_top/u_e203_srams/u_e203_dtcm_ram/u_e203_dtcm_gnrl_ram/u_sirv_sim_ram/mem[1].non_last.mem_r_reg_0_0 has an input control pin dut/u_e203_subsys_top/u_e203_subsys_main/u_e203_cpu_top/u_e203_srams/u_e203_dtcm_ram/u_e203_dtcm_gnrl_ram/u_sirv_sim_ram/mem[1].non_last.mem_r_reg_0_0/ADDRARDADDR[14] (net: dut/u_e203_subsys_top/u_e203_subsys_main/u_e203_cpu_top/u_e203_srams/u_e203_dtcm_ram/u_e203_dtcm_gnrl_ram/u_sirv_sim_ram/mem[1].non_last.mem_r_reg_3_3_1[13]) which is driven by a register (dut/u_e203_subsys_top/u_e203_subsys_main/u_e203_cpu_top/u_e203_cpu/u_e203_core/u_e203_exu/u_e203_exu_oitf/depth_gt1.ret_ptr_flg_dfflrs/qout_r_reg[0]) that has an active asychronous set or reset. This may cause corruption of the memory contents and/or read values when the set/reset is asserted and is not analyzed by the default static timing analysis. It is suggested to eliminate the use of a set/reset to registers driving this RAMB pin or else use a synchronous reset in which the assertion of the reset is timed by default.
Related violations: <none>

REQP-1839#19 Warning
RAMB36 async control check  
The RAMB36E1 dut/u_e203_subsys_top/u_e203_subsys_main/u_e203_cpu_top/u_e203_srams/u_e203_dtcm_ram/u_e203_dtcm_gnrl_ram/u_sirv_sim_ram/mem[1].non_last.mem_r_reg_0_0 has an input control pin dut/u_e203_subsys_top/u_e203_subsys_main/u_e203_cpu_top/u_e203_srams/u_e203_dtcm_ram/u_e203_dtcm_gnrl_ram/u_sirv_sim_ram/mem[1].non_last.mem_r_reg_0_0/ADDRARDADDR[14] (net: dut/u_e203_subsys_top/u_e203_subsys_main/u_e203_cpu_top/u_e203_srams/u_e203_dtcm_ram/u_e203_dtcm_gnrl_ram/u_sirv_sim_ram/mem[1].non_last.mem_r_reg_3_3_1[13]) which is driven by a register (dut/u_e203_subsys_top/u_e203_subsys_main/u_e203_cpu_top/u_e203_cpu/u_e203_core/u_e203_exu/u_e203_exu_oitf/oitf_entries[0].vld_dfflrs/qout_r_reg[0]) that has an active asychronous set or reset. This may cause corruption of the memory contents and/or read values when the set/reset is asserted and is not analyzed by the default static timing analysis. It is suggested to eliminate the use of a set/reset to registers driving this RAMB pin or else use a synchronous reset in which the assertion of the reset is timed by default.
Related violations: <none>

REQP-1839#20 Warning
RAMB36 async control check  
The RAMB36E1 dut/u_e203_subsys_top/u_e203_subsys_main/u_e203_cpu_top/u_e203_srams/u_e203_dtcm_ram/u_e203_dtcm_gnrl_ram/u_sirv_sim_ram/mem[1].non_last.mem_r_reg_0_0 has an input control pin dut/u_e203_subsys_top/u_e203_subsys_main/u_e203_cpu_top/u_e203_srams/u_e203_dtcm_ram/u_e203_dtcm_gnrl_ram/u_sirv_sim_ram/mem[1].non_last.mem_r_reg_0_0/ADDRARDADDR[14] (net: dut/u_e203_subsys_top/u_e203_subsys_main/u_e203_cpu_top/u_e203_srams/u_e203_dtcm_ram/u_e203_dtcm_gnrl_ram/u_sirv_sim_ram/mem[1].non_last.mem_r_reg_3_3_1[13]) which is driven by a register (dut/u_e203_subsys_top/u_e203_subsys_main/u_e203_cpu_top/u_e203_cpu/u_e203_core/u_e203_exu/u_e203_exu_oitf/oitf_entries[1].vld_dfflrs/qout_r_reg[0]) that has an active asychronous set or reset. This may cause corruption of the memory contents and/or read values when the set/reset is asserted and is not analyzed by the default static timing analysis. It is suggested to eliminate the use of a set/reset to registers driving this RAMB pin or else use a synchronous reset in which the assertion of the reset is timed by default.
Related violations: <none>

RPBF-3#1 Warning
IO port buffering is incomplete  
Device port mcu_TCK expects both input and output buffering but the buffers are incomplete.
Related violations: <none>

RPBF-3#2 Warning
IO port buffering is incomplete  
Device port mcu_TDI expects both input and output buffering but the buffers are incomplete.
Related violations: <none>

RPBF-3#3 Warning
IO port buffering is incomplete  
Device port mcu_TDO expects both input and output buffering but the buffers are incomplete.
Related violations: <none>

RPBF-3#4 Warning
IO port buffering is incomplete  
Device port mcu_TMS expects both input and output buffering but the buffers are incomplete.
Related violations: <none>

ZPS7-1#1 Warning
PS7 block required  
The PS7 cell must be used in this Zynq design in order to enable correct default configuration.
Related violations: <none>


